<?xml version="1.0" encoding="UTF-8"?>
<testsuite name="kr.ac.jejunu.user.UserDaoTests" tests="4" skipped="0" failures="0" errors="0" timestamp="2020-04-17T09:10:14" hostname="DESKTOP-T04RLSR" time="0.614">
  <properties/>
  <testcase name="insert()" classname="kr.ac.jejunu.user.UserDaoTests" time="0.519"/>
  <testcase name="insertHalla()" classname="kr.ac.jejunu.user.UserDaoTests" time="0.053"/>
  <testcase name="get()" classname="kr.ac.jejunu.user.UserDaoTests" time="0.02"/>
  <testcase name="getHalla()" classname="kr.ac.jejunu.user.UserDaoTests" time="0.019"/>
  <system-out><![CDATA[]]></system-out>
  <system-err><![CDATA[]]></system-err>
</testsuite>
